<?xml version="1.0" encoding="UTF-8"?>
<trace:TraceModel
    xmi:version="2.0"
    xmlns:xmi="http://www.omg.org/XMI"
    xmlns:trace="http://www.eclipse.org/gmf/2006/Trace">
  <nodeTraces
      visualID="2008"
      queryText="(let _eClass_:ecore::EClass = modelFacet.metaClass.ecoreClass in _eClass_.ePackage.nsURI = 'http://www.example.org/bpmn' and _eClass_.name = 'InclusiveGateway') and (let _containmentMF_:ecore::EStructuralFeature = modelFacet.containmentMetaFeature.ecoreFeature in (let _eClass_:ecore::EClass = _containmentMF_.eContainingClass in _eClass_.ePackage.nsURI = 'http://www.example.org/bpmn' and _eClass_.name = 'BPMNDiagram') and _containmentMF_.name = 'elements')">
    <nodeLabelTraces
        visualID="5014"
        queryText="true"/>
  </nodeTraces>
  <nodeTraces
      visualID="2009"
      queryText="(let _eClass_:ecore::EClass = modelFacet.metaClass.ecoreClass in _eClass_.ePackage.nsURI = 'http://www.example.org/bpmn' and _eClass_.name = 'ParallelGateway') and (let _containmentMF_:ecore::EStructuralFeature = modelFacet.containmentMetaFeature.ecoreFeature in (let _eClass_:ecore::EClass = _containmentMF_.eContainingClass in _eClass_.ePackage.nsURI = 'http://www.example.org/bpmn' and _eClass_.name = 'BPMNDiagram') and _containmentMF_.name = 'elements')">
    <nodeLabelTraces
        visualID="5015"
        queryText="true"/>
  </nodeTraces>
  <nodeTraces
      visualID="2010"
      queryText="(let _eClass_:ecore::EClass = modelFacet.metaClass.ecoreClass in _eClass_.ePackage.nsURI = 'http://www.example.org/bpmn' and _eClass_.name = 'Lane') and (let _containmentMF_:ecore::EStructuralFeature = modelFacet.containmentMetaFeature.ecoreFeature in (let _eClass_:ecore::EClass = _containmentMF_.eContainingClass in _eClass_.ePackage.nsURI = 'http://www.example.org/bpmn' and _eClass_.name = 'BPMNDiagram') and _containmentMF_.name = 'elements')">
    <nodeLabelTraces
        visualID="5021"
        queryText="true"/>
    <compartmentTraces
        visualID="7004"
        queryText="true"/>
  </nodeTraces>
  <nodeTraces
      visualID="2011"
      queryText="(let _eClass_:ecore::EClass = modelFacet.metaClass.ecoreClass in _eClass_.ePackage.nsURI = 'http://www.example.org/bpmn' and _eClass_.name = 'ParticipantPool') and (let _containmentMF_:ecore::EStructuralFeature = modelFacet.containmentMetaFeature.ecoreFeature in (let _eClass_:ecore::EClass = _containmentMF_.eContainingClass in _eClass_.ePackage.nsURI = 'http://www.example.org/bpmn' and _eClass_.name = 'BPMNDiagram') and _containmentMF_.name = 'elements')">
    <nodeLabelTraces
        visualID="5022"
        queryText="true"/>
    <compartmentTraces
        visualID="7005"
        queryText="true"/>
  </nodeTraces>
  <nodeTraces
      visualID="2012"
      queryText="(let _eClass_:ecore::EClass = modelFacet.metaClass.ecoreClass in _eClass_.ePackage.nsURI = 'http://www.example.org/bpmn' and _eClass_.name = 'StartEvent') and (let _containmentMF_:ecore::EStructuralFeature = modelFacet.containmentMetaFeature.ecoreFeature in (let _eClass_:ecore::EClass = _containmentMF_.eContainingClass in _eClass_.ePackage.nsURI = 'http://www.example.org/bpmn' and _eClass_.name = 'BPMNDiagram') and _containmentMF_.name = 'elements')">
    <nodeLabelTraces
        visualID="5023"
        queryText="true"/>
  </nodeTraces>
  <nodeTraces
      visualID="2013"
      queryText="(let _eClass_:ecore::EClass = modelFacet.metaClass.ecoreClass in _eClass_.ePackage.nsURI = 'http://www.example.org/bpmn' and _eClass_.name = 'EndEvent') and (let _containmentMF_:ecore::EStructuralFeature = modelFacet.containmentMetaFeature.ecoreFeature in (let _eClass_:ecore::EClass = _containmentMF_.eContainingClass in _eClass_.ePackage.nsURI = 'http://www.example.org/bpmn' and _eClass_.name = 'BPMNDiagram') and _containmentMF_.name = 'elements')">
    <nodeLabelTraces
        visualID="5024"
        queryText="true"/>
  </nodeTraces>
  <nodeTraces
      visualID="2014"
      queryText="(let _eClass_:ecore::EClass = modelFacet.metaClass.ecoreClass in _eClass_.ePackage.nsURI = 'http://www.example.org/bpmn' and _eClass_.name = 'Task') and (let _containmentMF_:ecore::EStructuralFeature = modelFacet.containmentMetaFeature.ecoreFeature in (let _eClass_:ecore::EClass = _containmentMF_.eContainingClass in _eClass_.ePackage.nsURI = 'http://www.example.org/bpmn' and _eClass_.name = 'BPMNDiagram') and _containmentMF_.name = 'elements')">
    <nodeLabelTraces
        visualID="5025"
        queryText="true"/>
  </nodeTraces>
  <childNodeTraces
      visualID="3006"
      queryText="(let _eClass_:ecore::EClass = modelFacet.metaClass.ecoreClass in _eClass_.ePackage.nsURI = 'http://www.example.org/bpmn' and _eClass_.name = 'Lane') and (let _containmentMF_:ecore::EStructuralFeature = modelFacet.containmentMetaFeature.ecoreFeature in (let _eClass_:ecore::EClass = _containmentMF_.eContainingClass in _eClass_.ePackage.nsURI = 'http://www.example.org/bpmn' and _eClass_.name = 'ParticipantPool') and _containmentMF_.name = 'lanes')">
    <nodeLabelTraces
        visualID="5009"
        queryText="true"/>
    <compartmentTraces
        visualID="7003"
        queryText="true"/>
  </childNodeTraces>
  <childNodeTraces
      visualID="3007"
      queryText="(let _eClass_:ecore::EClass = modelFacet.metaClass.ecoreClass in _eClass_.ePackage.nsURI = 'http://www.example.org/bpmn' and _eClass_.name = 'InclusiveGateway') and (let _containmentMF_:ecore::EStructuralFeature = modelFacet.containmentMetaFeature.ecoreFeature in (let _eClass_:ecore::EClass = _containmentMF_.eContainingClass in _eClass_.ePackage.nsURI = 'http://www.example.org/bpmn' and _eClass_.name = 'Lane') and _containmentMF_.name = 'flowControllers')">
    <nodeLabelTraces
        visualID="5016"
        queryText="true"/>
  </childNodeTraces>
  <childNodeTraces
      visualID="3008"
      queryText="(let _eClass_:ecore::EClass = modelFacet.metaClass.ecoreClass in _eClass_.ePackage.nsURI = 'http://www.example.org/bpmn' and _eClass_.name = 'ParallelGateway') and (let _containmentMF_:ecore::EStructuralFeature = modelFacet.containmentMetaFeature.ecoreFeature in (let _eClass_:ecore::EClass = _containmentMF_.eContainingClass in _eClass_.ePackage.nsURI = 'http://www.example.org/bpmn' and _eClass_.name = 'Lane') and _containmentMF_.name = 'flowControllers')">
    <nodeLabelTraces
        visualID="5017"
        queryText="true"/>
  </childNodeTraces>
  <childNodeTraces
      visualID="3009"
      queryText="(let _eClass_:ecore::EClass = modelFacet.metaClass.ecoreClass in _eClass_.ePackage.nsURI = 'http://www.example.org/bpmn' and _eClass_.name = 'StartEvent') and (let _containmentMF_:ecore::EStructuralFeature = modelFacet.containmentMetaFeature.ecoreFeature in (let _eClass_:ecore::EClass = _containmentMF_.eContainingClass in _eClass_.ePackage.nsURI = 'http://www.example.org/bpmn' and _eClass_.name = 'Lane') and _containmentMF_.name = 'flowControllers')">
    <nodeLabelTraces
        visualID="5018"
        queryText="true"/>
  </childNodeTraces>
  <childNodeTraces
      visualID="3010"
      queryText="(let _eClass_:ecore::EClass = modelFacet.metaClass.ecoreClass in _eClass_.ePackage.nsURI = 'http://www.example.org/bpmn' and _eClass_.name = 'EndEvent') and (let _containmentMF_:ecore::EStructuralFeature = modelFacet.containmentMetaFeature.ecoreFeature in (let _eClass_:ecore::EClass = _containmentMF_.eContainingClass in _eClass_.ePackage.nsURI = 'http://www.example.org/bpmn' and _eClass_.name = 'Lane') and _containmentMF_.name = 'flowControllers')">
    <nodeLabelTraces
        visualID="5019"
        queryText="true"/>
  </childNodeTraces>
  <childNodeTraces
      visualID="3011"
      queryText="(let _eClass_:ecore::EClass = modelFacet.metaClass.ecoreClass in _eClass_.ePackage.nsURI = 'http://www.example.org/bpmn' and _eClass_.name = 'Task') and (let _containmentMF_:ecore::EStructuralFeature = modelFacet.containmentMetaFeature.ecoreFeature in (let _eClass_:ecore::EClass = _containmentMF_.eContainingClass in _eClass_.ePackage.nsURI = 'http://www.example.org/bpmn' and _eClass_.name = 'Lane') and _containmentMF_.name = 'flowControllers')">
    <nodeLabelTraces
        visualID="5020"
        queryText="true"/>
  </childNodeTraces>
  <linkTraces
      visualID="4001"
      queryText="modelFacet.oclIsKindOf(gmfgen::TypeLinkModelFacet) and (let _eClass_:ecore::EClass = modelFacet.oclAsType(gmfgen::TypeLinkModelFacet).metaClass.ecoreClass in _eClass_.ePackage.nsURI = 'http://www.example.org/bpmn' and _eClass_.name = 'MessageFlow')">
    <linkLabelTraces
        visualID="6001"
        queryText="true"/>
  </linkTraces>
</trace:TraceModel>
